<test>
  <xs:schema id="test" xmlns="" xmlns:xs="http://www.w3.org/2001/XMLSchema" xmlns:msdata="urn:schemas-microsoft-com:xml-msdata">
    <xs:element name="test" msdata:IsDataSet="true" msdata:UseCurrentLocale="true">
      <xs:complexType>
        <xs:choice minOccurs="0" maxOccurs="unbounded">
          <xs:element name="new">
            <xs:complexType>
              <xs:sequence>
                <xs:element name="未命名问卷.未命名项1" type="xs:string" minOccurs="0" />
                <xs:element name="未命名问卷.未命名项2" type="xs:string" minOccurs="0" />
                <xs:element name="未命名问卷.未命名项3" type="xs:string" minOccurs="0" />
              </xs:sequence>
            </xs:complexType>
          </xs:element>
        </xs:choice>
      </xs:complexType>
    </xs:element>
  </xs:schema>
  <new>
    <未命名问卷.未命名项1>1</未命名问卷.未命名项1>
    <未命名问卷.未命名项2>2</未命名问卷.未命名项2>
    <未命名问卷.未命名项3>3</未命名问卷.未命名项3>
  </new>
  <new>
    <未命名问卷.未命名项1>3</未命名问卷.未命名项1>
    <未命名问卷.未命名项2>4</未命名问卷.未命名项2>
    <未命名问卷.未命名项3>5</未命名问卷.未命名项3>
  </new>
  <new>
    <未命名问卷.未命名项1>1</未命名问卷.未命名项1>
    <未命名问卷.未命名项2>2</未命名问卷.未命名项2>
  </new>
</test>